Arguments: 
  /usr/local/bin/node /usr/local/Cellar/yarn/1.16.0/libexec/bin/yarn.js add @vue/cli-service@~4.5.9

PATH: 
  /Users/pengyajuan/Documents/github/vue-h5-web/node_modules/.bin:/Users/pengyajuan/Documents/github/node_modules/.bin:/Users/pengyajuan/Documents/node_modules/.bin:/Users/pengyajuan/node_modules/.bin:/Users/node_modules/.bin:/node_modules/.bin:/usr/local/bin:/usr/local/bin:/usr/bin:/bin:/usr/sbin:/sbin

Yarn version: 
  1.16.0

Node version: 
  11.10.1

Platform: 
  darwin x64

Trace: 
  Error: EINVAL: invalid argument, unlink '/Users/pengyajuan/Documents/github/vue-h5-web/node_modules/yorkie/node_modules/execa'

npm manifest: 
  {
    "name": "h5-web",
    "version": "0.1.0",
    "private": true,
    "scripts": {
      "serve": "vue-cli-service serve",
      "build": "vue-cli-service build",
      "lint": "vue-cli-service lint",
      "docs:build": "vuepress build docs",
      "docs:dev": "vuepress dev docs",
      "inspect": "vue-cli-service inspect",
      "lt": "bash script/release.sh && vue-cli-service build",
      "start": "vue-cli-service serve --port=8003 --fix --copy"
    },
    "dependencies": {
      "axios": "^0.19.0",
      "babel-plugin-import": "^1.12.2",
      "core-js": "^2.6.5",
      "css-loader": "^3.2.0",
      "less": "^3.10.3",
      "less-loader": "^5.0.0",
      "lib-flexible": "^0.3.2",
      "lottie-web": "^5.5.10",
      "postcss-loader": "^3.0.0",
      "postcss-pxtorem": "^4.0.1",
      "quill": "^1.3.7",
      "style-loader": "^1.0.0",
      "vant": "^2.6.0",
      "vue": "^2.6.10",
      "vue-router": "^3.0.3",
      "vuex": "^3.0.1"
    },
    "devDependencies": {
      "@vue/cli-plugin-babel": "^3.12.0",
      "@vue/cli-plugin-eslint": "^3.12.0",
      "@vue/cli-service": "^3.12.0",
      "babel-eslint": "^10.0.1",
      "eslint": "^5.16.0",
      "eslint-plugin-vue": "^5.0.0",
      "vue-template-compiler": "^2.6.10"
    },
    "eslintConfig": {
      "root": true,
      "env": {
        "node": true
      },
      "extends": [
        "plugin:vue/essential",
        "eslint:recommended"
      ],
      "rules": {},
      "parserOptions": {
        "parser": "babel-eslint"
      }
    },
    "postcss": {
      "plugins": {
        "autoprefixer": {
          "overrideBrowserslist": [
            "Android >= 4.0",
            "iOS >= 7"
          ]
        },
        "postcss-pxtorem": {
          "rootValue": 37.5,
          "propList": [
            "*"
          ]
        }
      }
    },
    "browserslist": [
      "> 1%",
      "last 2 versions"
    ]
  }

yarn manifest: 
  No manifest

Lockfile: 
  No lockfile
